Using pre-set license
Built from '2021.3/china_unity/release' branch; Version is '2021.3.21f1c1 (08fa194de70f) revision 588313'; Using compiler version '192829333'; Build Type 'Release'
OS: 'Windows 10  (10.0.19045) 64bit Enterprise' Language: 'zh' Physical Memory: 32681 MB
BatchMode: 1, IsHumanControllingUs: 0, StartBugReporterOnCrash: 0, Is64bit: 1, IsPro: 1

COMMAND LINE ARGUMENTS:
C:\Program Files\Unity\Hub\Editor\2021.3.21f1c1\Editor\Unity.exe
-adb2
-batchMode
-noUpm
-name
AssetImportWorker0
-projectPath
C:/Users/Administrator/My project (2)
-logFile
Logs/AssetImportWorker0.log
-srvPort
10174
Successfully changed project path to: C:/Users/Administrator/My project (2)
C:/Users/Administrator/My project (2)
[UnityMemory] Configuration Parameters - Can be set up in boot.config
    "memorysetup-bucket-allocator-granularity=16"
    "memorysetup-bucket-allocator-bucket-count=8"
    "memorysetup-bucket-allocator-block-size=33554432"
    "memorysetup-bucket-allocator-block-count=8"
    "memorysetup-main-allocator-block-size=16777216"
    "memorysetup-thread-allocator-block-size=16777216"
    "memorysetup-gfx-main-allocator-block-size=16777216"
    "memorysetup-gfx-thread-allocator-block-size=16777216"
    "memorysetup-cache-allocator-block-size=4194304"
    "memorysetup-typetree-allocator-block-size=2097152"
    "memorysetup-profiler-bucket-allocator-granularity=16"
    "memorysetup-profiler-bucket-allocator-bucket-count=8"
    "memorysetup-profiler-bucket-allocator-block-size=33554432"
    "memorysetup-profiler-bucket-allocator-block-count=8"
    "memorysetup-profiler-allocator-block-size=16777216"
    "memorysetup-profiler-editor-allocator-block-size=1048576"
    "memorysetup-temp-allocator-size-main=16777216"
    "memorysetup-job-temp-allocator-block-size=2097152"
    "memorysetup-job-temp-allocator-block-size-background=1048576"
    "memorysetup-job-temp-allocator-reduction-small-platforms=262144"
    "memorysetup-temp-allocator-size-background-worker=32768"
    "memorysetup-temp-allocator-size-job-worker=262144"
    "memorysetup-temp-allocator-size-preload-manager=33554432"
    "memorysetup-temp-allocator-size-nav-mesh-worker=65536"
    "memorysetup-temp-allocator-size-audio-worker=65536"
    "memorysetup-temp-allocator-size-cloud-worker=32768"
    "memorysetup-temp-allocator-size-gi-baking-worker=262144"
    "memorysetup-temp-allocator-size-gfx=262144"
Player connection [21392] Host "[IP] 10.6.12.44 [Port] 0 [Flags] 2 [Guid] 3787419809 [EditorId] 3787419809 [Version] 1048832 [Id] WindowsEditor(7,PWRD-20230407SV) [Debug] 1 [PackageName] WindowsEditor [ProjectName] Editor" joined multi-casting on [225.0.0.222:54997]...

Player connection [21392] Host "[IP] 10.6.12.44 [Port] 0 [Flags] 2 [Guid] 3787419809 [EditorId] 3787419809 [Version] 1048832 [Id] WindowsEditor(7,PWRD-20230407SV) [Debug] 1 [PackageName] WindowsEditor [ProjectName] Editor" joined alternative multi-casting on [225.0.0.222:34997]...

AS: AutoStreaming module initializing.
Refreshing native plugins compatible for Editor in 74.55 ms, found 3 plugins.
Preloading 0 native plugins for Editor in 0.00 ms.
Initialize engine version: 2021.3.21f1c1 (08fa194de70f)
[Subsystems] Discovering subsystems at path C:/Program Files/Unity/Hub/Editor/2021.3.21f1c1/Editor/Data/Resources/UnitySubsystems
[Subsystems] Discovering subsystems at path C:/Users/Administrator/My project (2)/Assets
GfxDevice: creating device client; threaded=0; jobified=0
Direct3D:
    Version:  Direct3D 11.0 [level 11.1]
    Renderer: NVIDIA GeForce GTX 1660 Ti (ID=0x2182)
    Vendor:   NVIDIA
    VRAM:     5979 MB
    Driver:   31.0.15.3168
Initialize mono
Mono path[0] = 'C:/Program Files/Unity/Hub/Editor/2021.3.21f1c1/Editor/Data/Managed'
Mono path[1] = 'C:/Program Files/Unity/Hub/Editor/2021.3.21f1c1/Editor/Data/MonoBleedingEdge/lib/mono/unityjit-win32'
Mono config path = 'C:/Program Files/Unity/Hub/Editor/2021.3.21f1c1/Editor/Data/MonoBleedingEdge/etc'
Using monoOptions --debugger-agent=transport=dt_socket,embedding=1,server=y,suspend=n,address=127.0.0.1:56196
Begin MonoManager ReloadAssembly
Registering precompiled unity dll's ...
Register platform support module: C:/Program Files/Unity/Hub/Editor/2021.3.21f1c1/Editor/Data/PlaybackEngines/WindowsStandaloneSupport/UnityEditor.WindowsStandalone.Extensions.dll
Registered in 0.006299 seconds.
Native extension for WindowsStandalone target not found
Refreshing native plugins compatible for Editor in 67.64 ms, found 3 plugins.
Preloading 0 native plugins for Editor in 0.00 ms.
Mono: successfully reloaded assembly
- Completed reload, in  0.580 seconds
Domain Reload Profiling:
	ReloadAssembly (581ms)
		BeginReloadAssembly (80ms)
			ExecutionOrderSort (0ms)
			DisableScriptedObjects (0ms)
			BackupInstance (0ms)
			ReleaseScriptingObjects (0ms)
			CreateAndSetChildDomain (1ms)
		EndReloadAssembly (405ms)
			LoadAssemblies (75ms)
			RebuildTransferFunctionScriptingTraits (0ms)
			SetupTypeCache (104ms)
			ReleaseScriptCaches (0ms)
			RebuildScriptCaches (27ms)
			SetupLoadedEditorAssemblies (225ms)
				LogAssemblyErrors (0ms)
				InitializePlatformSupportModulesInManaged (7ms)
				SetLoadedEditorAssemblies (0ms)
				RefreshPlugins (68ms)
				BeforeProcessingInitializeOnLoad (1ms)
				ProcessInitializeOnLoadAttributes (109ms)
				ProcessInitializeOnLoadMethodAttributes (40ms)
				AfterProcessingInitializeOnLoad (0ms)
				EditorAssembliesLoaded (0ms)
			ExecutionOrderSort2 (0ms)
			AwakeInstancesAfterBackupRestoration (0ms)
Platform modules already initialized, skipping
Registering precompiled user dll's ...
Registered in 0.008311 seconds.
Begin MonoManager ReloadAssembly
Symbol file LoadedFromMemory doesn't match image C:\Users\Administrator\My project (2)\Library\PackageCache\com.unity.visualscripting@1.8.0\Editor\VisualScripting.Core\Dependencies\YamlDotNet\Unity.VisualScripting.YamlDotNet.dll
Symbol file LoadedFromMemory doesn't match image C:\Users\Administrator\My project (2)\Library\PackageCache\com.unity.visualscripting@1.8.0\Editor\VisualScripting.Core\Dependencies\DotNetZip\Unity.VisualScripting.IonicZip.dll
Native extension for WindowsStandalone target not found
Refreshing native plugins compatible for Editor in 0.48 ms, found 3 plugins.
Preloading 0 native plugins for Editor in 0.00 ms.
Mono: successfully reloaded assembly
- Completed reload, in  1.070 seconds
Domain Reload Profiling:
	ReloadAssembly (1071ms)
		BeginReloadAssembly (112ms)
			ExecutionOrderSort (0ms)
			DisableScriptedObjects (5ms)
			BackupInstance (0ms)
			ReleaseScriptingObjects (0ms)
			CreateAndSetChildDomain (17ms)
		EndReloadAssembly (855ms)
			LoadAssemblies (79ms)
			RebuildTransferFunctionScriptingTraits (0ms)
			SetupTypeCache (230ms)
			ReleaseScriptCaches (1ms)
			RebuildScriptCaches (50ms)
			SetupLoadedEditorAssemblies (463ms)
				LogAssemblyErrors (0ms)
				InitializePlatformSupportModulesInManaged (5ms)
				SetLoadedEditorAssemblies (0ms)
				RefreshPlugins (1ms)
				BeforeProcessingInitializeOnLoad (81ms)
				ProcessInitializeOnLoadAttributes (346ms)
				ProcessInitializeOnLoadMethodAttributes (17ms)
				AfterProcessingInitializeOnLoad (13ms)
				EditorAssembliesLoaded (0ms)
			ExecutionOrderSort2 (0ms)
			AwakeInstancesAfterBackupRestoration (6ms)
Platform modules already initialized, skipping
========================================================================
Worker process is ready to serve import requests
Launched and connected shader compiler UnityShaderCompiler.exe after 0.03 seconds
Refreshing native plugins compatible for Editor in 0.45 ms, found 3 plugins.
Preloading 0 native plugins for Editor in 0.00 ms.
Unloading 3047 Unused Serialized files (Serialized files now loaded: 0)
Unloading 24 unused Assets / (113.5 KB). Loaded Objects now: 3508.
Memory consumption went from 107.5 MB to 107.4 MB.
Total: 2.641700 ms (FindLiveObjects: 0.233900 ms CreateObjectMapping: 0.166400 ms MarkObjects: 2.163400 ms  DeleteObjects: 0.077200 ms)

AssetImportParameters requested are different than current active one (requested -> active):
  custom:video-decoder-ogg-theora: a1e56fd34408186e4bbccfd4996cb3dc -> 
  custom:container-muxer-webm: aa71ff27fc2769a1b78a27578f13a17b -> 
  custom:container-demuxer-webm: 4f35f7cbe854078d1ac9338744f61a02 -> 
  custom:video-encoder-webm-vp8: eb34c28f22e8b96e1ab97ce403110664 -> 
  custom:audio-encoder-webm-vorbis: bf7c407c2cedff20999df2af8eb42d56 -> 
  custom:framework-win-MediaFoundation: 216162199b28c13a410421893ffa2e32 -> 
  custom:container-demuxer-ogg: 62fdf1f143b41e24485cea50d1cbac27 -> 
  custom:video-decoder-webm-vp8: 9c59270c3fd7afecdb556c50c9e8de78 -> 
  custom:audio-decoder-ogg-vorbis: bf7c407c2cedff20999df2af8eb42d56 -> 
========================================================================
Received Import Request.
  Time since last request: 127774.529757 seconds.
  path: Assets/Ezreal.FBX
  artifactKey: Guid(7f16d85ac7028184780c9083088f29b6) Importer(815301076,1909f56bfc062723c751e8b465ee728b)
Start importing Assets/Ezreal.FBX using Guid(7f16d85ac7028184780c9083088f29b6) Importer(815301076,1909f56bfc062723c751e8b465ee728b)  -> (artifact id: '1a0b3ab10303bf1dbe7f6c7110f0a88d') in 0.359005 seconds 
========================================================================
Received Import Request.
  Time since last request: 68.784215 seconds.
  path: Assets/Ezreal.FBX
  artifactKey: Guid(7f16d85ac7028184780c9083088f29b6) Importer(815301076,1909f56bfc062723c751e8b465ee728b)
Start importing Assets/Ezreal.FBX using Guid(7f16d85ac7028184780c9083088f29b6) Importer(815301076,1909f56bfc062723c751e8b465ee728b)  -> (artifact id: '6236e27abfbbcb0979b82fcda3676647') in 0.035274 seconds 
========================================================================
Received Import Request.
  Time since last request: 154.822556 seconds.
  path: Assets/Ezreal.FBX
  artifactKey: Guid(7f16d85ac7028184780c9083088f29b6) Importer(815301076,1909f56bfc062723c751e8b465ee728b)
Start importing Assets/Ezreal.FBX using Guid(7f16d85ac7028184780c9083088f29b6) Importer(815301076,1909f56bfc062723c751e8b465ee728b)  -> (artifact id: 'cf20c224cd724e7fbb4882fd746d2b79') in 0.038747 seconds 
========================================================================
Received Import Request.
  Time since last request: 8.160149 seconds.
  path: Assets/Ezreal.FBX
  artifactKey: Guid(7f16d85ac7028184780c9083088f29b6) Importer(815301076,1909f56bfc062723c751e8b465ee728b)
Start importing Assets/Ezreal.FBX using Guid(7f16d85ac7028184780c9083088f29b6) Importer(815301076,1909f56bfc062723c751e8b465ee728b)  -> (artifact id: 'c092f2b7a29c95fa7bbc96a71d9e1787') in 0.028819 seconds 
========================================================================
Received Import Request.
  Time since last request: 35.293303 seconds.
  path: Assets/Ezreal.FBX
  artifactKey: Guid(7f16d85ac7028184780c9083088f29b6) Importer(815301076,1909f56bfc062723c751e8b465ee728b)
Start importing Assets/Ezreal.FBX using Guid(7f16d85ac7028184780c9083088f29b6) Importer(815301076,1909f56bfc062723c751e8b465ee728b)  -> (artifact id: '2f26b10fb27e50ccecc6691c7604f472') in 0.044446 seconds 
========================================================================
Received Import Request.
  Time since last request: 21.403983 seconds.
  path: Assets/Ezreal.FBX
  artifactKey: Guid(7f16d85ac7028184780c9083088f29b6) Importer(815301076,1909f56bfc062723c751e8b465ee728b)
Start importing Assets/Ezreal.FBX using Guid(7f16d85ac7028184780c9083088f29b6) Importer(815301076,1909f56bfc062723c751e8b465ee728b)  -> (artifact id: '2565d64e174a3b9428cc242762ce7dbb') in 0.030247 seconds 
========================================================================
Received Import Request.
  Time since last request: 18.604753 seconds.
  path: Assets/Ezreal.FBX
  artifactKey: Guid(7f16d85ac7028184780c9083088f29b6) Importer(815301076,1909f56bfc062723c751e8b465ee728b)
Start importing Assets/Ezreal.FBX using Guid(7f16d85ac7028184780c9083088f29b6) Importer(815301076,1909f56bfc062723c751e8b465ee728b)  -> (artifact id: 'd04b87fead15ab390fe751932962a1fc') in 0.028998 seconds 
========================================================================
Received Import Request.
  Time since last request: 17.743941 seconds.
  path: Assets/Scripts
  artifactKey: Guid(20a41fc352d96d949b7b5221fcdba933) Importer(815301076,1909f56bfc062723c751e8b465ee728b)
Start importing Assets/Scripts using Guid(20a41fc352d96d949b7b5221fcdba933) Importer(815301076,1909f56bfc062723c751e8b465ee728b)  -> (artifact id: '43899df06050c9a581f6d12b8423a567') in 0.001908 seconds 
========================================================================
Received Import Request.
  Time since last request: 8.290150 seconds.
  path: Assets/Scripts/AnimationScript.cs
  artifactKey: Guid(9fef5492ae52775499370de76d9813bf) Importer(815301076,1909f56bfc062723c751e8b465ee728b)
Start importing Assets/Scripts/AnimationScript.cs using Guid(9fef5492ae52775499370de76d9813bf) Importer(815301076,1909f56bfc062723c751e8b465ee728b)  -> (artifact id: '353c670aba9ede5a00ab3bbc73e821c9') in 0.005577 seconds 
========================================================================
Received Import Request.
  Time since last request: 24.811130 seconds.
  path: Assets/Scripts/AnimationScript.cs
  artifactKey: Guid(9fef5492ae52775499370de76d9813bf) Importer(815301076,1909f56bfc062723c751e8b465ee728b)
Start importing Assets/Scripts/AnimationScript.cs using Guid(9fef5492ae52775499370de76d9813bf) Importer(815301076,1909f56bfc062723c751e8b465ee728b)  -> (artifact id: '5d4fb10f69974fe8d9fdcf5b25e0148e') in 0.001526 seconds 
========================================================================
Received Import Request.
  Time since last request: 51.421855 seconds.
  path: Assets/Scripts/AnimationScript.cs
  artifactKey: Guid(9fef5492ae52775499370de76d9813bf) Importer(815301076,1909f56bfc062723c751e8b465ee728b)
Start importing Assets/Scripts/AnimationScript.cs using Guid(9fef5492ae52775499370de76d9813bf) Importer(815301076,1909f56bfc062723c751e8b465ee728b)  -> (artifact id: 'a4fdf21fe4237c02dadfbc9ea085abcc') in 0.001578 seconds 
========================================================================
Received Import Request.
  Time since last request: 18.243038 seconds.
  path: Assets/Scripts/AnimationScript.cs
  artifactKey: Guid(9fef5492ae52775499370de76d9813bf) Importer(815301076,1909f56bfc062723c751e8b465ee728b)
Start importing Assets/Scripts/AnimationScript.cs using Guid(9fef5492ae52775499370de76d9813bf) Importer(815301076,1909f56bfc062723c751e8b465ee728b)  -> (artifact id: '06744f3b7a70c906cc60c411c22a244a') in 0.001390 seconds 
========================================================================
Received Import Request.
  Time since last request: 34.071497 seconds.
  path: Assets/Scripts/AnimationScript.cs
  artifactKey: Guid(9fef5492ae52775499370de76d9813bf) Importer(815301076,1909f56bfc062723c751e8b465ee728b)
Start importing Assets/Scripts/AnimationScript.cs using Guid(9fef5492ae52775499370de76d9813bf) Importer(815301076,1909f56bfc062723c751e8b465ee728b)  -> (artifact id: '98b57dfb4256eb35105b87a9178bc949') in 0.001565 seconds 
========================================================================
Received Import Request.
  Time since last request: 3.074923 seconds.
  path: Assets/Scripts/AnimationScript.cs
  artifactKey: Guid(9fef5492ae52775499370de76d9813bf) Importer(815301076,1909f56bfc062723c751e8b465ee728b)
Start importing Assets/Scripts/AnimationScript.cs using Guid(9fef5492ae52775499370de76d9813bf) Importer(815301076,1909f56bfc062723c751e8b465ee728b)  -> (artifact id: '5e32df71856a0a6c5e3a0608fe21c726') in 0.001430 seconds 
========================================================================
Received Import Request.
  Time since last request: 6.971705 seconds.
  path: Assets/Scripts/AnimationScript.cs
  artifactKey: Guid(9fef5492ae52775499370de76d9813bf) Importer(815301076,1909f56bfc062723c751e8b465ee728b)
Start importing Assets/Scripts/AnimationScript.cs using Guid(9fef5492ae52775499370de76d9813bf) Importer(815301076,1909f56bfc062723c751e8b465ee728b)  -> (artifact id: '4c46991b097d8c4e6761b970e38abb75') in 0.001340 seconds 
========================================================================
Received Import Request.
  Time since last request: 20.133033 seconds.
  path: Assets/Scripts/AnimationScript.cs
  artifactKey: Guid(9fef5492ae52775499370de76d9813bf) Importer(815301076,1909f56bfc062723c751e8b465ee728b)
Start importing Assets/Scripts/AnimationScript.cs using Guid(9fef5492ae52775499370de76d9813bf) Importer(815301076,1909f56bfc062723c751e8b465ee728b)  -> (artifact id: '74ab4b9255d642fb8a47782fa6e20df0') in 0.001416 seconds 
========================================================================
Received Import Request.
  Time since last request: 3.407414 seconds.
  path: Assets/Scripts/AnimationScript.cs
  artifactKey: Guid(9fef5492ae52775499370de76d9813bf) Importer(815301076,1909f56bfc062723c751e8b465ee728b)
Start importing Assets/Scripts/AnimationScript.cs using Guid(9fef5492ae52775499370de76d9813bf) Importer(815301076,1909f56bfc062723c751e8b465ee728b)  -> (artifact id: '9de8d935d66c89986328d702b33b6488') in 0.001440 seconds 
========================================================================
Received Import Request.
  Time since last request: 2.469021 seconds.
  path: Assets/Scripts/AnimationScript.cs
  artifactKey: Guid(9fef5492ae52775499370de76d9813bf) Importer(815301076,1909f56bfc062723c751e8b465ee728b)
Start importing Assets/Scripts/AnimationScript.cs using Guid(9fef5492ae52775499370de76d9813bf) Importer(815301076,1909f56bfc062723c751e8b465ee728b)  -> (artifact id: '932a127d68ca1c66c059a3da59745025') in 0.001385 seconds 
========================================================================
Received Import Request.
  Time since last request: 13.028512 seconds.
  path: Assets/Scripts/AnimationScript.cs
  artifactKey: Guid(9fef5492ae52775499370de76d9813bf) Importer(815301076,1909f56bfc062723c751e8b465ee728b)
Start importing Assets/Scripts/AnimationScript.cs using Guid(9fef5492ae52775499370de76d9813bf) Importer(815301076,1909f56bfc062723c751e8b465ee728b)  -> (artifact id: '57eb0dd6056b913edf2ba0421686d06c') in 0.001378 seconds 
========================================================================
Received Import Request.
  Time since last request: 14.047515 seconds.
  path: Assets/Scripts/AnimationScript.cs
  artifactKey: Guid(9fef5492ae52775499370de76d9813bf) Importer(815301076,1909f56bfc062723c751e8b465ee728b)
Start importing Assets/Scripts/AnimationScript.cs using Guid(9fef5492ae52775499370de76d9813bf) Importer(815301076,1909f56bfc062723c751e8b465ee728b)  -> (artifact id: 'd666cc2c968aa9f2e4163c4250ab1470') in 0.001332 seconds 
========================================================================
Received Import Request.
  Time since last request: 8.324057 seconds.
  path: Assets/Scripts/AnimationScript.cs
  artifactKey: Guid(9fef5492ae52775499370de76d9813bf) Importer(815301076,1909f56bfc062723c751e8b465ee728b)
Start importing Assets/Scripts/AnimationScript.cs using Guid(9fef5492ae52775499370de76d9813bf) Importer(815301076,1909f56bfc062723c751e8b465ee728b)  -> (artifact id: 'd0ab7b87bdab282e6ca66782167f7011') in 0.001410 seconds 
========================================================================
Received Import Request.
  Time since last request: 8.361070 seconds.
  path: Assets/Scripts/AnimationScript.cs
  artifactKey: Guid(9fef5492ae52775499370de76d9813bf) Importer(815301076,1909f56bfc062723c751e8b465ee728b)
Start importing Assets/Scripts/AnimationScript.cs using Guid(9fef5492ae52775499370de76d9813bf) Importer(815301076,1909f56bfc062723c751e8b465ee728b)  -> (artifact id: '27921801a4d557d359e5c6e527eed1a2') in 0.001397 seconds 
========================================================================
Received Import Request.
  Time since last request: 9.550461 seconds.
  path: Assets/Scripts/AnimationScript.cs
  artifactKey: Guid(9fef5492ae52775499370de76d9813bf) Importer(815301076,1909f56bfc062723c751e8b465ee728b)
Start importing Assets/Scripts/AnimationScript.cs using Guid(9fef5492ae52775499370de76d9813bf) Importer(815301076,1909f56bfc062723c751e8b465ee728b)  -> (artifact id: '36810c84dae8c29bfe6c02f31f28c79d') in 0.001575 seconds 
========================================================================
Received Import Request.
  Time since last request: 10.959835 seconds.
  path: Assets/Scripts/AnimationScript.cs
  artifactKey: Guid(9fef5492ae52775499370de76d9813bf) Importer(815301076,1909f56bfc062723c751e8b465ee728b)
Start importing Assets/Scripts/AnimationScript.cs using Guid(9fef5492ae52775499370de76d9813bf) Importer(815301076,1909f56bfc062723c751e8b465ee728b)  -> (artifact id: '706b66f9f80d0c08ebaaa1f5e30e0b76') in 0.001444 seconds 
========================================================================
Received Prepare
Registering precompiled user dll's ...
Registered in 0.007340 seconds.
Begin MonoManager ReloadAssembly
Symbol file LoadedFromMemory doesn't match image C:\Users\Administrator\My project (2)\Library\PackageCache\com.unity.visualscripting@1.8.0\Editor\VisualScripting.Core\Dependencies\YamlDotNet\Unity.VisualScripting.YamlDotNet.dll
Symbol file LoadedFromMemory doesn't match image C:\Users\Administrator\My project (2)\Library\PackageCache\com.unity.visualscripting@1.8.0\Editor\VisualScripting.Core\Dependencies\DotNetZip\Unity.VisualScripting.IonicZip.dll
Native extension for WindowsStandalone target not found
Refreshing native plugins compatible for Editor in 0.46 ms, found 3 plugins.
Preloading 0 native plugins for Editor in 0.00 ms.
Mono: successfully reloaded assembly
- Completed reload, in  1.020 seconds
Domain Reload Profiling:
	ReloadAssembly (1021ms)
		BeginReloadAssembly (137ms)
			ExecutionOrderSort (0ms)
			DisableScriptedObjects (4ms)
			BackupInstance (0ms)
			ReleaseScriptingObjects (0ms)
			CreateAndSetChildDomain (34ms)
		EndReloadAssembly (787ms)
			LoadAssemblies (81ms)
			RebuildTransferFunctionScriptingTraits (0ms)
			SetupTypeCache (234ms)
			ReleaseScriptCaches (1ms)
			RebuildScriptCaches (37ms)
			SetupLoadedEditorAssemblies (402ms)
				LogAssemblyErrors (0ms)
				InitializePlatformSupportModulesInManaged (5ms)
				SetLoadedEditorAssemblies (0ms)
				RefreshPlugins (1ms)
				BeforeProcessingInitializeOnLoad (59ms)
				ProcessInitializeOnLoadAttributes (308ms)
				ProcessInitializeOnLoadMethodAttributes (16ms)
				AfterProcessingInitializeOnLoad (13ms)
				EditorAssembliesLoaded (0ms)
			ExecutionOrderSort2 (0ms)
			AwakeInstancesAfterBackupRestoration (5ms)
Platform modules already initialized, skipping
Refreshing native plugins compatible for Editor in 1.94 ms, found 3 plugins.
Preloading 0 native plugins for Editor in 0.00 ms.
Unloading 3043 Unused Serialized files (Serialized files now loaded: 0)
Unloading 17 unused Assets / (79.9 KB). Loaded Objects now: 3557.
Memory consumption went from 124.8 MB to 124.7 MB.
Total: 2.863600 ms (FindLiveObjects: 0.218100 ms CreateObjectMapping: 0.125200 ms MarkObjects: 2.445700 ms  DeleteObjects: 0.074100 ms)

AssetImportParameters requested are different than current active one (requested -> active):
  custom:video-decoder-ogg-theora: a1e56fd34408186e4bbccfd4996cb3dc -> 
  custom:container-muxer-webm: aa71ff27fc2769a1b78a27578f13a17b -> 
  custom:container-demuxer-webm: 4f35f7cbe854078d1ac9338744f61a02 -> 
  custom:video-encoder-webm-vp8: eb34c28f22e8b96e1ab97ce403110664 -> 
  custom:audio-encoder-webm-vorbis: bf7c407c2cedff20999df2af8eb42d56 -> 
  custom:framework-win-MediaFoundation: 216162199b28c13a410421893ffa2e32 -> 
  custom:container-demuxer-ogg: 62fdf1f143b41e24485cea50d1cbac27 -> 
  custom:video-decoder-webm-vp8: 9c59270c3fd7afecdb556c50c9e8de78 -> 
  custom:audio-decoder-ogg-vorbis: bf7c407c2cedff20999df2af8eb42d56 -> 
========================================================================
Received Prepare
Registering precompiled user dll's ...
Registered in 0.007612 seconds.
Begin MonoManager ReloadAssembly
Symbol file LoadedFromMemory doesn't match image C:\Users\Administrator\My project (2)\Library\PackageCache\com.unity.visualscripting@1.8.0\Editor\VisualScripting.Core\Dependencies\YamlDotNet\Unity.VisualScripting.YamlDotNet.dll
Symbol file LoadedFromMemory doesn't match image C:\Users\Administrator\My project (2)\Library\PackageCache\com.unity.visualscripting@1.8.0\Editor\VisualScripting.Core\Dependencies\DotNetZip\Unity.VisualScripting.IonicZip.dll
Native extension for WindowsStandalone target not found
Refreshing native plugins compatible for Editor in 0.45 ms, found 3 plugins.
Preloading 0 native plugins for Editor in 0.00 ms.
Mono: successfully reloaded assembly
- Completed reload, in  1.055 seconds
Domain Reload Profiling:
	ReloadAssembly (1056ms)
		BeginReloadAssembly (131ms)
			ExecutionOrderSort (0ms)
			DisableScriptedObjects (5ms)
			BackupInstance (0ms)
			ReleaseScriptingObjects (0ms)
			CreateAndSetChildDomain (29ms)
		EndReloadAssembly (832ms)
			LoadAssemblies (85ms)
			RebuildTransferFunctionScriptingTraits (0ms)
			SetupTypeCache (242ms)
			ReleaseScriptCaches (1ms)
			RebuildScriptCaches (40ms)
			SetupLoadedEditorAssemblies (431ms)
				LogAssemblyErrors (0ms)
				InitializePlatformSupportModulesInManaged (5ms)
				SetLoadedEditorAssemblies (0ms)
				RefreshPlugins (1ms)
				BeforeProcessingInitializeOnLoad (63ms)
				ProcessInitializeOnLoadAttributes (332ms)
				ProcessInitializeOnLoadMethodAttributes (17ms)
				AfterProcessingInitializeOnLoad (13ms)
				EditorAssembliesLoaded (0ms)
			ExecutionOrderSort2 (0ms)
			AwakeInstancesAfterBackupRestoration (6ms)
Platform modules already initialized, skipping
Refreshing native plugins compatible for Editor in 2.39 ms, found 3 plugins.
Preloading 0 native plugins for Editor in 0.00 ms.
Unloading 3043 Unused Serialized files (Serialized files now loaded: 0)
Unloading 17 unused Assets / (79.9 KB). Loaded Objects now: 3560.
Memory consumption went from 124.8 MB to 124.8 MB.
Total: 2.658000 ms (FindLiveObjects: 0.227900 ms CreateObjectMapping: 0.123600 ms MarkObjects: 2.232200 ms  DeleteObjects: 0.073600 ms)

AssetImportParameters requested are different than current active one (requested -> active):
  custom:video-decoder-ogg-theora: a1e56fd34408186e4bbccfd4996cb3dc -> 
  custom:container-muxer-webm: aa71ff27fc2769a1b78a27578f13a17b -> 
  custom:container-demuxer-webm: 4f35f7cbe854078d1ac9338744f61a02 -> 
  custom:video-encoder-webm-vp8: eb34c28f22e8b96e1ab97ce403110664 -> 
  custom:audio-encoder-webm-vorbis: bf7c407c2cedff20999df2af8eb42d56 -> 
  custom:framework-win-MediaFoundation: 216162199b28c13a410421893ffa2e32 -> 
  custom:container-demuxer-ogg: 62fdf1f143b41e24485cea50d1cbac27 -> 
  custom:video-decoder-webm-vp8: 9c59270c3fd7afecdb556c50c9e8de78 -> 
  custom:audio-decoder-ogg-vorbis: bf7c407c2cedff20999df2af8eb42d56 -> 
========================================================================
Received Prepare
Registering precompiled user dll's ...
Registered in 0.008854 seconds.
Begin MonoManager ReloadAssembly
Symbol file LoadedFromMemory doesn't match image C:\Users\Administrator\My project (2)\Library\PackageCache\com.unity.visualscripting@1.8.0\Editor\VisualScripting.Core\Dependencies\YamlDotNet\Unity.VisualScripting.YamlDotNet.dll
Symbol file LoadedFromMemory doesn't match image C:\Users\Administrator\My project (2)\Library\PackageCache\com.unity.visualscripting@1.8.0\Editor\VisualScripting.Core\Dependencies\DotNetZip\Unity.VisualScripting.IonicZip.dll
Native extension for WindowsStandalone target not found
Refreshing native plugins compatible for Editor in 0.46 ms, found 3 plugins.
Preloading 0 native plugins for Editor in 0.00 ms.
Mono: successfully reloaded assembly
- Completed reload, in  1.006 seconds
Domain Reload Profiling:
	ReloadAssembly (1006ms)
		BeginReloadAssembly (131ms)
			ExecutionOrderSort (0ms)
			DisableScriptedObjects (5ms)
			BackupInstance (0ms)
			ReleaseScriptingObjects (0ms)
			CreateAndSetChildDomain (31ms)
		EndReloadAssembly (776ms)
			LoadAssemblies (83ms)
			RebuildTransferFunctionScriptingTraits (0ms)
			SetupTypeCache (236ms)
			ReleaseScriptCaches (1ms)
			RebuildScriptCaches (36ms)
			SetupLoadedEditorAssemblies (392ms)
				LogAssemblyErrors (0ms)
				InitializePlatformSupportModulesInManaged (5ms)
				SetLoadedEditorAssemblies (0ms)
				RefreshPlugins (1ms)
				BeforeProcessingInitializeOnLoad (59ms)
				ProcessInitializeOnLoadAttributes (299ms)
				ProcessInitializeOnLoadMethodAttributes (16ms)
				AfterProcessingInitializeOnLoad (12ms)
				EditorAssembliesLoaded (0ms)
			ExecutionOrderSort2 (0ms)
			AwakeInstancesAfterBackupRestoration (5ms)
Platform modules already initialized, skipping
Refreshing native plugins compatible for Editor in 1.78 ms, found 3 plugins.
Preloading 0 native plugins for Editor in 0.00 ms.
Unloading 3043 Unused Serialized files (Serialized files now loaded: 0)
Unloading 17 unused Assets / (79.9 KB). Loaded Objects now: 3563.
Memory consumption went from 124.8 MB to 124.8 MB.
Total: 2.836100 ms (FindLiveObjects: 0.287700 ms CreateObjectMapping: 0.169900 ms MarkObjects: 2.307100 ms  DeleteObjects: 0.070700 ms)

AssetImportParameters requested are different than current active one (requested -> active):
  custom:video-decoder-ogg-theora: a1e56fd34408186e4bbccfd4996cb3dc -> 
  custom:container-muxer-webm: aa71ff27fc2769a1b78a27578f13a17b -> 
  custom:container-demuxer-webm: 4f35f7cbe854078d1ac9338744f61a02 -> 
  custom:video-encoder-webm-vp8: eb34c28f22e8b96e1ab97ce403110664 -> 
  custom:audio-encoder-webm-vorbis: bf7c407c2cedff20999df2af8eb42d56 -> 
  custom:framework-win-MediaFoundation: 216162199b28c13a410421893ffa2e32 -> 
  custom:container-demuxer-ogg: 62fdf1f143b41e24485cea50d1cbac27 -> 
  custom:video-decoder-webm-vp8: 9c59270c3fd7afecdb556c50c9e8de78 -> 
  custom:audio-decoder-ogg-vorbis: bf7c407c2cedff20999df2af8eb42d56 -> 
========================================================================
Received Prepare
Registering precompiled user dll's ...
Registered in 0.007342 seconds.
Begin MonoManager ReloadAssembly
Symbol file LoadedFromMemory doesn't match image C:\Users\Administrator\My project (2)\Library\PackageCache\com.unity.visualscripting@1.8.0\Editor\VisualScripting.Core\Dependencies\YamlDotNet\Unity.VisualScripting.YamlDotNet.dll
Symbol file LoadedFromMemory doesn't match image C:\Users\Administrator\My project (2)\Library\PackageCache\com.unity.visualscripting@1.8.0\Editor\VisualScripting.Core\Dependencies\DotNetZip\Unity.VisualScripting.IonicZip.dll
Native extension for WindowsStandalone target not found
Refreshing native plugins compatible for Editor in 0.59 ms, found 3 plugins.
Preloading 0 native plugins for Editor in 0.00 ms.
Mono: successfully reloaded assembly
- Completed reload, in  1.059 seconds
Domain Reload Profiling:
	ReloadAssembly (1060ms)
		BeginReloadAssembly (136ms)
			ExecutionOrderSort (0ms)
			DisableScriptedObjects (5ms)
			BackupInstance (0ms)
			ReleaseScriptingObjects (0ms)
			CreateAndSetChildDomain (28ms)
		EndReloadAssembly (825ms)
			LoadAssemblies (89ms)
			RebuildTransferFunctionScriptingTraits (0ms)
			SetupTypeCache (244ms)
			ReleaseScriptCaches (1ms)
			RebuildScriptCaches (37ms)
			SetupLoadedEditorAssemblies (428ms)
				LogAssemblyErrors (0ms)
				InitializePlatformSupportModulesInManaged (5ms)
				SetLoadedEditorAssemblies (0ms)
				RefreshPlugins (1ms)
				BeforeProcessingInitializeOnLoad (63ms)
				ProcessInitializeOnLoadAttributes (329ms)
				ProcessInitializeOnLoadMethodAttributes (17ms)
				AfterProcessingInitializeOnLoad (13ms)
				EditorAssembliesLoaded (0ms)
			ExecutionOrderSort2 (0ms)
			AwakeInstancesAfterBackupRestoration (5ms)
Platform modules already initialized, skipping
Refreshing native plugins compatible for Editor in 2.13 ms, found 3 plugins.
Preloading 0 native plugins for Editor in 0.00 ms.
Unloading 3043 Unused Serialized files (Serialized files now loaded: 0)
Unloading 17 unused Assets / (79.8 KB). Loaded Objects now: 3566.
Memory consumption went from 124.9 MB to 124.8 MB.
Total: 3.127700 ms (FindLiveObjects: 0.240900 ms CreateObjectMapping: 0.160000 ms MarkObjects: 2.644800 ms  DeleteObjects: 0.081000 ms)

AssetImportParameters requested are different than current active one (requested -> active):
  custom:video-decoder-ogg-theora: a1e56fd34408186e4bbccfd4996cb3dc -> 
  custom:container-muxer-webm: aa71ff27fc2769a1b78a27578f13a17b -> 
  custom:container-demuxer-webm: 4f35f7cbe854078d1ac9338744f61a02 -> 
  custom:video-encoder-webm-vp8: eb34c28f22e8b96e1ab97ce403110664 -> 
  custom:audio-encoder-webm-vorbis: bf7c407c2cedff20999df2af8eb42d56 -> 
  custom:framework-win-MediaFoundation: 216162199b28c13a410421893ffa2e32 -> 
  custom:container-demuxer-ogg: 62fdf1f143b41e24485cea50d1cbac27 -> 
  custom:video-decoder-webm-vp8: 9c59270c3fd7afecdb556c50c9e8de78 -> 
  custom:audio-decoder-ogg-vorbis: bf7c407c2cedff20999df2af8eb42d56 -> 
