Using pre-set license
Built from '2021.3/china_unity/release' branch; Version is '2021.3.21f1c1 (08fa194de70f) revision 588313'; Using compiler version '192829333'; Build Type 'Release'
OS: 'Windows 10  (10.0.19045) 64bit Enterprise' Language: 'zh' Physical Memory: 32681 MB
BatchMode: 1, IsHumanControllingUs: 0, StartBugReporterOnCrash: 0, Is64bit: 1, IsPro: 1

COMMAND LINE ARGUMENTS:
C:\Program Files\Unity\Hub\Editor\2021.3.21f1c1\Editor\Unity.exe
-adb2
-batchMode
-noUpm
-name
AssetImportWorker1
-projectPath
C:/Users/Administrator/My project (3)
-logFile
Logs/AssetImportWorker1.log
-srvPort
14544
Successfully changed project path to: C:/Users/Administrator/My project (3)
C:/Users/Administrator/My project (3)
[UnityMemory] Configuration Parameters - Can be set up in boot.config
    "memorysetup-bucket-allocator-granularity=16"
    "memorysetup-bucket-allocator-bucket-count=8"
    "memorysetup-bucket-allocator-block-size=33554432"
    "memorysetup-bucket-allocator-block-count=8"
    "memorysetup-main-allocator-block-size=16777216"
    "memorysetup-thread-allocator-block-size=16777216"
    "memorysetup-gfx-main-allocator-block-size=16777216"
    "memorysetup-gfx-thread-allocator-block-size=16777216"
    "memorysetup-cache-allocator-block-size=4194304"
    "memorysetup-typetree-allocator-block-size=2097152"
    "memorysetup-profiler-bucket-allocator-granularity=16"
    "memorysetup-profiler-bucket-allocator-bucket-count=8"
    "memorysetup-profiler-bucket-allocator-block-size=33554432"
    "memorysetup-profiler-bucket-allocator-block-count=8"
    "memorysetup-profiler-allocator-block-size=16777216"
    "memorysetup-profiler-editor-allocator-block-size=1048576"
    "memorysetup-temp-allocator-size-main=16777216"
    "memorysetup-job-temp-allocator-block-size=2097152"
    "memorysetup-job-temp-allocator-block-size-background=1048576"
    "memorysetup-job-temp-allocator-reduction-small-platforms=262144"
    "memorysetup-temp-allocator-size-background-worker=32768"
    "memorysetup-temp-allocator-size-job-worker=262144"
    "memorysetup-temp-allocator-size-preload-manager=33554432"
    "memorysetup-temp-allocator-size-nav-mesh-worker=65536"
    "memorysetup-temp-allocator-size-audio-worker=65536"
    "memorysetup-temp-allocator-size-cloud-worker=32768"
    "memorysetup-temp-allocator-size-gi-baking-worker=262144"
    "memorysetup-temp-allocator-size-gfx=262144"
Player connection [20012] Host "[IP] 10.6.12.44 [Port] 0 [Flags] 2 [Guid] 3853602119 [EditorId] 3853602119 [Version] 1048832 [Id] WindowsEditor(7,PWRD-20230407SV) [Debug] 1 [PackageName] WindowsEditor [ProjectName] Editor" joined multi-casting on [225.0.0.222:54997]...

Player connection [20012] Host "[IP] 10.6.12.44 [Port] 0 [Flags] 2 [Guid] 3853602119 [EditorId] 3853602119 [Version] 1048832 [Id] WindowsEditor(7,PWRD-20230407SV) [Debug] 1 [PackageName] WindowsEditor [ProjectName] Editor" joined alternative multi-casting on [225.0.0.222:34997]...

AS: AutoStreaming module initializing.
Refreshing native plugins compatible for Editor in 75.12 ms, found 3 plugins.
Preloading 0 native plugins for Editor in 0.00 ms.
Initialize engine version: 2021.3.21f1c1 (08fa194de70f)
[Subsystems] Discovering subsystems at path C:/Program Files/Unity/Hub/Editor/2021.3.21f1c1/Editor/Data/Resources/UnitySubsystems
[Subsystems] Discovering subsystems at path C:/Users/Administrator/My project (3)/Assets
GfxDevice: creating device client; threaded=0; jobified=0
Direct3D:
    Version:  Direct3D 11.0 [level 11.1]
    Renderer: NVIDIA GeForce GTX 1660 Ti (ID=0x2182)
    Vendor:   NVIDIA
    VRAM:     5979 MB
    Driver:   31.0.15.3168
Initialize mono
Mono path[0] = 'C:/Program Files/Unity/Hub/Editor/2021.3.21f1c1/Editor/Data/Managed'
Mono path[1] = 'C:/Program Files/Unity/Hub/Editor/2021.3.21f1c1/Editor/Data/MonoBleedingEdge/lib/mono/unityjit-win32'
Mono config path = 'C:/Program Files/Unity/Hub/Editor/2021.3.21f1c1/Editor/Data/MonoBleedingEdge/etc'
Using monoOptions --debugger-agent=transport=dt_socket,embedding=1,server=y,suspend=n,address=127.0.0.1:56088
Begin MonoManager ReloadAssembly
Registering precompiled unity dll's ...
Register platform support module: C:/Program Files/Unity/Hub/Editor/2021.3.21f1c1/Editor/Data/PlaybackEngines/WindowsStandaloneSupport/UnityEditor.WindowsStandalone.Extensions.dll
Registered in 0.006337 seconds.
Native extension for WindowsStandalone target not found
Refreshing native plugins compatible for Editor in 69.79 ms, found 3 plugins.
Preloading 0 native plugins for Editor in 0.00 ms.
Mono: successfully reloaded assembly
- Completed reload, in  0.567 seconds
Domain Reload Profiling:
	ReloadAssembly (567ms)
		BeginReloadAssembly (80ms)
			ExecutionOrderSort (0ms)
			DisableScriptedObjects (0ms)
			BackupInstance (0ms)
			ReleaseScriptingObjects (0ms)
			CreateAndSetChildDomain (1ms)
		EndReloadAssembly (391ms)
			LoadAssemblies (75ms)
			RebuildTransferFunctionScriptingTraits (0ms)
			SetupTypeCache (93ms)
			ReleaseScriptCaches (0ms)
			RebuildScriptCaches (23ms)
			SetupLoadedEditorAssemblies (226ms)
				LogAssemblyErrors (0ms)
				InitializePlatformSupportModulesInManaged (7ms)
				SetLoadedEditorAssemblies (0ms)
				RefreshPlugins (70ms)
				BeforeProcessingInitializeOnLoad (1ms)
				ProcessInitializeOnLoadAttributes (108ms)
				ProcessInitializeOnLoadMethodAttributes (40ms)
				AfterProcessingInitializeOnLoad (0ms)
				EditorAssembliesLoaded (0ms)
			ExecutionOrderSort2 (0ms)
			AwakeInstancesAfterBackupRestoration (0ms)
Platform modules already initialized, skipping
Registering precompiled user dll's ...
Registered in 0.007849 seconds.
Begin MonoManager ReloadAssembly
Symbol file LoadedFromMemory doesn't match image C:\Users\Administrator\My project (3)\Library\PackageCache\com.unity.visualscripting@1.8.0\Editor\VisualScripting.Core\Dependencies\YamlDotNet\Unity.VisualScripting.YamlDotNet.dll
Symbol file LoadedFromMemory doesn't match image C:\Users\Administrator\My project (3)\Library\PackageCache\com.unity.visualscripting@1.8.0\Editor\VisualScripting.Core\Dependencies\DotNetZip\Unity.VisualScripting.IonicZip.dll
Native extension for WindowsStandalone target not found
Refreshing native plugins compatible for Editor in 0.48 ms, found 3 plugins.
Preloading 0 native plugins for Editor in 0.00 ms.
Mono: successfully reloaded assembly
- Completed reload, in  1.058 seconds
Domain Reload Profiling:
	ReloadAssembly (1059ms)
		BeginReloadAssembly (113ms)
			ExecutionOrderSort (0ms)
			DisableScriptedObjects (5ms)
			BackupInstance (0ms)
			ReleaseScriptingObjects (0ms)
			CreateAndSetChildDomain (17ms)
		EndReloadAssembly (844ms)
			LoadAssemblies (79ms)
			RebuildTransferFunctionScriptingTraits (0ms)
			SetupTypeCache (234ms)
			ReleaseScriptCaches (1ms)
			RebuildScriptCaches (44ms)
			SetupLoadedEditorAssemblies (454ms)
				LogAssemblyErrors (0ms)
				InitializePlatformSupportModulesInManaged (5ms)
				SetLoadedEditorAssemblies (0ms)
				RefreshPlugins (1ms)
				BeforeProcessingInitializeOnLoad (81ms)
				ProcessInitializeOnLoadAttributes (339ms)
				ProcessInitializeOnLoadMethodAttributes (15ms)
				AfterProcessingInitializeOnLoad (12ms)
				EditorAssembliesLoaded (0ms)
			ExecutionOrderSort2 (0ms)
			AwakeInstancesAfterBackupRestoration (6ms)
Platform modules already initialized, skipping
========================================================================
Worker process is ready to serve import requests
Launched and connected shader compiler UnityShaderCompiler.exe after 0.03 seconds
Refreshing native plugins compatible for Editor in 0.48 ms, found 3 plugins.
Preloading 0 native plugins for Editor in 0.00 ms.
Unloading 3048 Unused Serialized files (Serialized files now loaded: 0)
Unloading 24 unused Assets / (113.6 KB). Loaded Objects now: 3509.
Memory consumption went from 108.1 MB to 108.0 MB.
Total: 2.794400 ms (FindLiveObjects: 0.250600 ms CreateObjectMapping: 0.205300 ms MarkObjects: 2.244800 ms  DeleteObjects: 0.093000 ms)

AssetImportParameters requested are different than current active one (requested -> active):
  custom:video-decoder-ogg-theora: a1e56fd34408186e4bbccfd4996cb3dc -> 
  custom:container-muxer-webm: aa71ff27fc2769a1b78a27578f13a17b -> 
  custom:container-demuxer-webm: 4f35f7cbe854078d1ac9338744f61a02 -> 
  custom:video-encoder-webm-vp8: eb34c28f22e8b96e1ab97ce403110664 -> 
  custom:audio-encoder-webm-vorbis: bf7c407c2cedff20999df2af8eb42d56 -> 
  custom:framework-win-MediaFoundation: 216162199b28c13a410421893ffa2e32 -> 
  custom:container-demuxer-ogg: 62fdf1f143b41e24485cea50d1cbac27 -> 
  custom:video-decoder-webm-vp8: 9c59270c3fd7afecdb556c50c9e8de78 -> 
  custom:audio-decoder-ogg-vorbis: bf7c407c2cedff20999df2af8eb42d56 -> 
========================================================================
Received Import Request.
  Time since last request: 129226.711304 seconds.
  path: Assets/Samurai Remastered
  artifactKey: Guid(24c63e1bffa4daa49a59d20261f3aaed) Importer(815301076,1909f56bfc062723c751e8b465ee728b)
Start importing Assets/Samurai Remastered using Guid(24c63e1bffa4daa49a59d20261f3aaed) Importer(815301076,1909f56bfc062723c751e8b465ee728b)  -> (artifact id: 'e9d3769a640bce721aa0a6ff35d49b85') in 0.005273 seconds 
========================================================================
Received Import Request.
  Time since last request: 0.000014 seconds.
  path: Assets/Samurai Remastered/Samurai Remastered Animator Controller.controller
  artifactKey: Guid(8fd84bc033ef1cd43a26becafff9fec1) Importer(815301076,1909f56bfc062723c751e8b465ee728b)
Start importing Assets/Samurai Remastered/Samurai Remastered Animator Controller.controller using Guid(8fd84bc033ef1cd43a26becafff9fec1) Importer(815301076,1909f56bfc062723c751e8b465ee728b)  -> (artifact id: '50fab9a62df2567e72da89cb63bbdfef') in 0.110592 seconds 
========================================================================
Received Import Request.
  Time since last request: 0.000029 seconds.
  path: Assets/Samurai Remastered/Animations
  artifactKey: Guid(f351802bb814912409a12fe5ecba4cef) Importer(815301076,1909f56bfc062723c751e8b465ee728b)
Start importing Assets/Samurai Remastered/Animations using Guid(f351802bb814912409a12fe5ecba4cef) Importer(815301076,1909f56bfc062723c751e8b465ee728b)  -> (artifact id: '034fbc4fe21f04cf2c23a1b58b206a69') in 0.001459 seconds 
========================================================================
Received Import Request.
  Time since last request: 0.005640 seconds.
  path: Assets/Samurai Remastered/Animations/samurai@atack1(d).fbx
  artifactKey: Guid(76a3bc9144738c841974164c71722503) Importer(815301076,1909f56bfc062723c751e8b465ee728b)
Start importing Assets/Samurai Remastered/Animations/samurai@atack1(d).fbx using Guid(76a3bc9144738c841974164c71722503) Importer(815301076,1909f56bfc062723c751e8b465ee728b)  -> (artifact id: '33bdb80d1b9ca35d384e4e0d60201433') in 0.662230 seconds 
========================================================================
Received Import Request.
  Time since last request: 0.000025 seconds.
  path: Assets/Samurai Remastered/Animations/samurai@idle4(twohandweapons).fbx
  artifactKey: Guid(74c572ebfa223a740b36191d12c428df) Importer(815301076,1909f56bfc062723c751e8b465ee728b)
Start importing Assets/Samurai Remastered/Animations/samurai@idle4(twohandweapons).fbx using Guid(74c572ebfa223a740b36191d12c428df) Importer(815301076,1909f56bfc062723c751e8b465ee728b)  -> (artifact id: 'f05fa8a7866a86419e657de0ff30f6b8') in 0.205371 seconds 
========================================================================
Received Import Request.
  Time since last request: 0.000029 seconds.
  path: Assets/Samurai Remastered/Animations/samurai@run1(one weapon).fbx
  artifactKey: Guid(ac39fda887bd4944c9ad20db48745a34) Importer(815301076,1909f56bfc062723c751e8b465ee728b)
Start importing Assets/Samurai Remastered/Animations/samurai@run1(one weapon).fbx using Guid(ac39fda887bd4944c9ad20db48745a34) Importer(815301076,1909f56bfc062723c751e8b465ee728b)  -> (artifact id: 'e32107298ce4eff739faa1595e7911b2') in 0.178549 seconds 
========================================================================
Received Import Request.
  Time since last request: 0.000020 seconds.
  path: Assets/Samurai Remastered/Animations/samurai@battleidle.fbx
  artifactKey: Guid(309104ca8dc8d7b4f8ba94ca2941dd2c) Importer(815301076,1909f56bfc062723c751e8b465ee728b)
Start importing Assets/Samurai Remastered/Animations/samurai@battleidle.fbx using Guid(309104ca8dc8d7b4f8ba94ca2941dd2c) Importer(815301076,1909f56bfc062723c751e8b465ee728b)  -> (artifact id: 'f12a2cf2d323a28eedd659d36017b137') in 0.186091 seconds 
========================================================================
Received Import Request.
  Time since last request: 0.000021 seconds.
  path: Assets/Samurai Remastered/Animations/samurai@run1(two weapon).fbx
  artifactKey: Guid(736fab961f2ef5c4a85fb0279eeb9173) Importer(815301076,1909f56bfc062723c751e8b465ee728b)
Start importing Assets/Samurai Remastered/Animations/samurai@run1(two weapon).fbx using Guid(736fab961f2ef5c4a85fb0279eeb9173) Importer(815301076,1909f56bfc062723c751e8b465ee728b)  -> (artifact id: 'bf9013fd194f15b391c917be1877a0fe') in 0.197998 seconds 
========================================================================
Received Import Request.
  Time since last request: 0.000031 seconds.
  path: Assets/Samurai Remastered/Animations/samurai@idle3(two weapons).fbx
  artifactKey: Guid(edb9a2ee0bd0b2d4abc39e5de1070c26) Importer(815301076,1909f56bfc062723c751e8b465ee728b)
Start importing Assets/Samurai Remastered/Animations/samurai@idle3(two weapons).fbx using Guid(edb9a2ee0bd0b2d4abc39e5de1070c26) Importer(815301076,1909f56bfc062723c751e8b465ee728b)  -> (artifact id: '3af5498c24c796b573af6900a578c5cf') in 0.015666 seconds 
========================================================================
Received Import Request.
  Time since last request: 0.000029 seconds.
  path: Assets/Samurai Remastered/Animations/samurai@strafeleft.fbx
  artifactKey: Guid(e61180e988bfe1a4f83e7cfc5988d7fb) Importer(815301076,1909f56bfc062723c751e8b465ee728b)
Start importing Assets/Samurai Remastered/Animations/samurai@strafeleft.fbx using Guid(e61180e988bfe1a4f83e7cfc5988d7fb) Importer(815301076,1909f56bfc062723c751e8b465ee728b)  -> (artifact id: '65a42685ac0844561ecd468673bb72d8') in 0.245631 seconds 
========================================================================
Received Import Request.
  Time since last request: 0.000028 seconds.
  path: Assets/Samurai Remastered/Animations/samurai@walk1.fbx
  artifactKey: Guid(22ca3a5b3883b404689d6f7aa6e93c5b) Importer(815301076,1909f56bfc062723c751e8b465ee728b)
Start importing Assets/Samurai Remastered/Animations/samurai@walk1.fbx using Guid(22ca3a5b3883b404689d6f7aa6e93c5b) Importer(815301076,1909f56bfc062723c751e8b465ee728b)  -> (artifact id: '0db9f1cae5e910786d8aea66c7636be2') in 0.190674 seconds 
========================================================================
Received Import Request.
  Time since last request: 0.000037 seconds.
  path: Assets/Samurai Remastered/Animations/samurai@strafelright.fbx
  artifactKey: Guid(03119994274b30f46af539e56e27562f) Importer(815301076,1909f56bfc062723c751e8b465ee728b)
Start importing Assets/Samurai Remastered/Animations/samurai@strafelright.fbx using Guid(03119994274b30f46af539e56e27562f) Importer(815301076,1909f56bfc062723c751e8b465ee728b)  -> (artifact id: '2018af0615d22a513d78fc14a0fca4b4') in 0.191645 seconds 
========================================================================
Received Import Request.
  Time since last request: 0.000025 seconds.
  path: Assets/Samurai Remastered/Animations/samurai@attack8.fbx
  artifactKey: Guid(96ee54433e18e7243a0a7053824df2bf) Importer(815301076,1909f56bfc062723c751e8b465ee728b)
Start importing Assets/Samurai Remastered/Animations/samurai@attack8.fbx using Guid(96ee54433e18e7243a0a7053824df2bf) Importer(815301076,1909f56bfc062723c751e8b465ee728b)  -> (artifact id: '7e86ed1e1087d739709fc7889f63808e') in 0.231609 seconds 
========================================================================
Received Import Request.
  Time since last request: 0.000026 seconds.
  path: Assets/Samurai Remastered/Animations/samurai@getthekatana.fbx
  artifactKey: Guid(a2e4da03b4053f84bbf38ac8ed043787) Importer(815301076,1909f56bfc062723c751e8b465ee728b)
Start importing Assets/Samurai Remastered/Animations/samurai@getthekatana.fbx using Guid(a2e4da03b4053f84bbf38ac8ed043787) Importer(815301076,1909f56bfc062723c751e8b465ee728b)  -> (artifact id: 'b1bba1767eaf786fb7f1b4bf2dda2882') in 0.210988 seconds 
========================================================================
Received Import Request.
  Time since last request: 0.000036 seconds.
  path: Assets/Samurai Remastered/Animations/samurai@attack9(d).fbx
  artifactKey: Guid(4b3f5c402decad04eb4f0f9c33db574f) Importer(815301076,1909f56bfc062723c751e8b465ee728b)
Start importing Assets/Samurai Remastered/Animations/samurai@attack9(d).fbx using Guid(4b3f5c402decad04eb4f0f9c33db574f) Importer(815301076,1909f56bfc062723c751e8b465ee728b)  -> (artifact id: '4ca6655d74c4c0200e54c9b824d49c4d') in 0.200086 seconds 
========================================================================
Received Import Request.
  Time since last request: 0.000025 seconds.
  path: Assets/Samurai Remastered/Animations/samurai@attack4.fbx
  artifactKey: Guid(f47f2ad8af3b1134ca789ee76c55ceaa) Importer(815301076,1909f56bfc062723c751e8b465ee728b)
Start importing Assets/Samurai Remastered/Animations/samurai@attack4.fbx using Guid(f47f2ad8af3b1134ca789ee76c55ceaa) Importer(815301076,1909f56bfc062723c751e8b465ee728b)  -> (artifact id: '4516e4c32a845f14f54068249e700d73') in 0.188472 seconds 
========================================================================
Received Import Request.
  Time since last request: 0.000035 seconds.
  path: Assets/Samurai Remastered/Animations/samurai@death2.fbx
  artifactKey: Guid(1270baa61ad713147a3229e2c3fc1c70) Importer(815301076,1909f56bfc062723c751e8b465ee728b)
Start importing Assets/Samurai Remastered/Animations/samurai@death2.fbx using Guid(1270baa61ad713147a3229e2c3fc1c70) Importer(815301076,1909f56bfc062723c751e8b465ee728b)  -> (artifact id: '14e5a1523256fc5b5acf5ce83e4f567b') in 0.173749 seconds 
========================================================================
Received Import Request.
  Time since last request: 0.000024 seconds.
  path: Assets/Samurai Remastered/Animations/samurai@attack6.fbx
  artifactKey: Guid(e4d9551303960bb46b732636753f48e7) Importer(815301076,1909f56bfc062723c751e8b465ee728b)
Start importing Assets/Samurai Remastered/Animations/samurai@attack6.fbx using Guid(e4d9551303960bb46b732636753f48e7) Importer(815301076,1909f56bfc062723c751e8b465ee728b)  -> (artifact id: 'f1a19b85b68135fa25d6112bc0041e75') in 0.200358 seconds 
========================================================================
Received Import Request.
  Time since last request: 0.000027 seconds.
  path: Assets/Samurai Remastered/Animations/samurai@run1.fbx
  artifactKey: Guid(9303780718dab114580b75d5a65e466f) Importer(815301076,1909f56bfc062723c751e8b465ee728b)
Start importing Assets/Samurai Remastered/Animations/samurai@run1.fbx using Guid(9303780718dab114580b75d5a65e466f) Importer(815301076,1909f56bfc062723c751e8b465ee728b)  -> (artifact id: '3a230aff6d416f7e75d497560fe813aa') in 0.189297 seconds 
========================================================================
Received Import Request.
  Time since last request: 0.000033 seconds.
  path: Assets/Samurai Remastered/Animations/samurai@idle2.fbx
  artifactKey: Guid(577d817dc3a28b3499bad4149acdab6c) Importer(815301076,1909f56bfc062723c751e8b465ee728b)
Start importing Assets/Samurai Remastered/Animations/samurai@idle2.fbx using Guid(577d817dc3a28b3499bad4149acdab6c) Importer(815301076,1909f56bfc062723c751e8b465ee728b)  -> (artifact id: '3ed60db35df080fba46f5c657011d717') in 0.182426 seconds 
========================================================================
Received Import Request.
  Time since last request: 0.000023 seconds.
  path: Assets/Samurai Remastered/Animations/samurai@walk1(one hand weapon).fbx
  artifactKey: Guid(27790729ebbd58b4fbb66678ba08bae9) Importer(815301076,1909f56bfc062723c751e8b465ee728b)
Start importing Assets/Samurai Remastered/Animations/samurai@walk1(one hand weapon).fbx using Guid(27790729ebbd58b4fbb66678ba08bae9) Importer(815301076,1909f56bfc062723c751e8b465ee728b)  -> (artifact id: '97b37c3cdb372f60ecc56139608ff669') in 0.156549 seconds 
========================================================================
Received Prepare
Registering precompiled user dll's ...
Registered in 0.011934 seconds.
Begin MonoManager ReloadAssembly
Symbol file LoadedFromMemory doesn't match image C:\Users\Administrator\My project (3)\Library\PackageCache\com.unity.visualscripting@1.8.0\Editor\VisualScripting.Core\Dependencies\YamlDotNet\Unity.VisualScripting.YamlDotNet.dll
Symbol file LoadedFromMemory doesn't match image C:\Users\Administrator\My project (3)\Library\PackageCache\com.unity.visualscripting@1.8.0\Editor\VisualScripting.Core\Dependencies\DotNetZip\Unity.VisualScripting.IonicZip.dll
Native extension for WindowsStandalone target not found
Refreshing native plugins compatible for Editor in 0.50 ms, found 3 plugins.
Preloading 0 native plugins for Editor in 0.00 ms.
Mono: successfully reloaded assembly
- Completed reload, in  1.095 seconds
Domain Reload Profiling:
	ReloadAssembly (1095ms)
		BeginReloadAssembly (137ms)
			ExecutionOrderSort (0ms)
			DisableScriptedObjects (4ms)
			BackupInstance (0ms)
			ReleaseScriptingObjects (0ms)
			CreateAndSetChildDomain (32ms)
		EndReloadAssembly (867ms)
			LoadAssemblies (86ms)
			RebuildTransferFunctionScriptingTraits (0ms)
			SetupTypeCache (258ms)
			ReleaseScriptCaches (2ms)
			RebuildScriptCaches (41ms)
			SetupLoadedEditorAssemblies (444ms)
				LogAssemblyErrors (0ms)
				InitializePlatformSupportModulesInManaged (6ms)
				SetLoadedEditorAssemblies (1ms)
				RefreshPlugins (1ms)
				BeforeProcessingInitializeOnLoad (69ms)
				ProcessInitializeOnLoadAttributes (337ms)
				ProcessInitializeOnLoadMethodAttributes (17ms)
				AfterProcessingInitializeOnLoad (13ms)
				EditorAssembliesLoaded (0ms)
			ExecutionOrderSort2 (0ms)
			AwakeInstancesAfterBackupRestoration (6ms)
Platform modules already initialized, skipping
Refreshing native plugins compatible for Editor in 2.27 ms, found 3 plugins.
Preloading 0 native plugins for Editor in 0.00 ms.
Unloading 3042 Unused Serialized files (Serialized files now loaded: 0)
Unloading 17 unused Assets / (80.1 KB). Loaded Objects now: 3557.
Memory consumption went from 128.1 MB to 128.0 MB.
Total: 3.011500 ms (FindLiveObjects: 0.265200 ms CreateObjectMapping: 0.170500 ms MarkObjects: 2.488200 ms  DeleteObjects: 0.086600 ms)

AssetImportParameters requested are different than current active one (requested -> active):
  custom:video-decoder-ogg-theora: a1e56fd34408186e4bbccfd4996cb3dc -> 
  custom:container-muxer-webm: aa71ff27fc2769a1b78a27578f13a17b -> 
  custom:container-demuxer-webm: 4f35f7cbe854078d1ac9338744f61a02 -> 
  custom:video-encoder-webm-vp8: eb34c28f22e8b96e1ab97ce403110664 -> 
  custom:audio-encoder-webm-vorbis: bf7c407c2cedff20999df2af8eb42d56 -> 
  custom:framework-win-MediaFoundation: 216162199b28c13a410421893ffa2e32 -> 
  custom:container-demuxer-ogg: 62fdf1f143b41e24485cea50d1cbac27 -> 
  custom:video-decoder-webm-vp8: 9c59270c3fd7afecdb556c50c9e8de78 -> 
  custom:audio-decoder-ogg-vorbis: bf7c407c2cedff20999df2af8eb42d56 -> 
Editor requested this worker to shutdown with reason: Scaling down because of idle timeout
AssetImportWorker is now disconnected from the server
Process exiting
Exiting without the bug reporter. Application will terminate with return code 0