Using pre-set license
Built from '2021.3/china_unity/release' branch; Version is '2021.3.21f1c1 (08fa194de70f) revision 588313'; Using compiler version '192829333'; Build Type 'Release'
OS: 'Windows 10  (10.0.19045) 64bit Enterprise' Language: 'zh' Physical Memory: 32681 MB
BatchMode: 1, IsHumanControllingUs: 0, StartBugReporterOnCrash: 0, Is64bit: 1, IsPro: 1

COMMAND LINE ARGUMENTS:
C:\Program Files\Unity\Hub\Editor\2021.3.21f1c1\Editor\Unity.exe
-adb2
-batchMode
-noUpm
-name
AssetImportWorker0
-projectPath
C:/Users/Administrator/My project (3)
-logFile
Logs/AssetImportWorker0.log
-srvPort
14544
Successfully changed project path to: C:/Users/Administrator/My project (3)
C:/Users/Administrator/My project (3)
[UnityMemory] Configuration Parameters - Can be set up in boot.config
    "memorysetup-bucket-allocator-granularity=16"
    "memorysetup-bucket-allocator-bucket-count=8"
    "memorysetup-bucket-allocator-block-size=33554432"
    "memorysetup-bucket-allocator-block-count=8"
    "memorysetup-main-allocator-block-size=16777216"
    "memorysetup-thread-allocator-block-size=16777216"
    "memorysetup-gfx-main-allocator-block-size=16777216"
    "memorysetup-gfx-thread-allocator-block-size=16777216"
    "memorysetup-cache-allocator-block-size=4194304"
    "memorysetup-typetree-allocator-block-size=2097152"
    "memorysetup-profiler-bucket-allocator-granularity=16"
    "memorysetup-profiler-bucket-allocator-bucket-count=8"
    "memorysetup-profiler-bucket-allocator-block-size=33554432"
    "memorysetup-profiler-bucket-allocator-block-count=8"
    "memorysetup-profiler-allocator-block-size=16777216"
    "memorysetup-profiler-editor-allocator-block-size=1048576"
    "memorysetup-temp-allocator-size-main=16777216"
    "memorysetup-job-temp-allocator-block-size=2097152"
    "memorysetup-job-temp-allocator-block-size-background=1048576"
    "memorysetup-job-temp-allocator-reduction-small-platforms=262144"
    "memorysetup-temp-allocator-size-background-worker=32768"
    "memorysetup-temp-allocator-size-job-worker=262144"
    "memorysetup-temp-allocator-size-preload-manager=33554432"
    "memorysetup-temp-allocator-size-nav-mesh-worker=65536"
    "memorysetup-temp-allocator-size-audio-worker=65536"
    "memorysetup-temp-allocator-size-cloud-worker=32768"
    "memorysetup-temp-allocator-size-gi-baking-worker=262144"
    "memorysetup-temp-allocator-size-gfx=262144"
Player connection [21412] Host "[IP] 10.6.12.44 [Port] 0 [Flags] 2 [Guid] 3615324578 [EditorId] 3615324578 [Version] 1048832 [Id] WindowsEditor(7,PWRD-20230407SV) [Debug] 1 [PackageName] WindowsEditor [ProjectName] Editor" joined multi-casting on [225.0.0.222:54997]...

Player connection [21412] Host "[IP] 10.6.12.44 [Port] 0 [Flags] 2 [Guid] 3615324578 [EditorId] 3615324578 [Version] 1048832 [Id] WindowsEditor(7,PWRD-20230407SV) [Debug] 1 [PackageName] WindowsEditor [ProjectName] Editor" joined alternative multi-casting on [225.0.0.222:34997]...

AS: AutoStreaming module initializing.
Refreshing native plugins compatible for Editor in 72.91 ms, found 3 plugins.
Preloading 0 native plugins for Editor in 0.00 ms.
Initialize engine version: 2021.3.21f1c1 (08fa194de70f)
[Subsystems] Discovering subsystems at path C:/Program Files/Unity/Hub/Editor/2021.3.21f1c1/Editor/Data/Resources/UnitySubsystems
[Subsystems] Discovering subsystems at path C:/Users/Administrator/My project (3)/Assets
GfxDevice: creating device client; threaded=0; jobified=0
Direct3D:
    Version:  Direct3D 11.0 [level 11.1]
    Renderer: NVIDIA GeForce GTX 1660 Ti (ID=0x2182)
    Vendor:   NVIDIA
    VRAM:     5979 MB
    Driver:   31.0.15.3168
Initialize mono
Mono path[0] = 'C:/Program Files/Unity/Hub/Editor/2021.3.21f1c1/Editor/Data/Managed'
Mono path[1] = 'C:/Program Files/Unity/Hub/Editor/2021.3.21f1c1/Editor/Data/MonoBleedingEdge/lib/mono/unityjit-win32'
Mono config path = 'C:/Program Files/Unity/Hub/Editor/2021.3.21f1c1/Editor/Data/MonoBleedingEdge/etc'
Using monoOptions --debugger-agent=transport=dt_socket,embedding=1,server=y,suspend=n,address=127.0.0.1:56820
Begin MonoManager ReloadAssembly
Registering precompiled unity dll's ...
Register platform support module: C:/Program Files/Unity/Hub/Editor/2021.3.21f1c1/Editor/Data/PlaybackEngines/WindowsStandaloneSupport/UnityEditor.WindowsStandalone.Extensions.dll
Registered in 0.005983 seconds.
Native extension for WindowsStandalone target not found
Refreshing native plugins compatible for Editor in 70.02 ms, found 3 plugins.
Preloading 0 native plugins for Editor in 0.00 ms.
Mono: successfully reloaded assembly
- Completed reload, in  0.566 seconds
Domain Reload Profiling:
	ReloadAssembly (567ms)
		BeginReloadAssembly (80ms)
			ExecutionOrderSort (0ms)
			DisableScriptedObjects (0ms)
			BackupInstance (0ms)
			ReleaseScriptingObjects (0ms)
			CreateAndSetChildDomain (1ms)
		EndReloadAssembly (392ms)
			LoadAssemblies (76ms)
			RebuildTransferFunctionScriptingTraits (0ms)
			SetupTypeCache (95ms)
			ReleaseScriptCaches (0ms)
			RebuildScriptCaches (24ms)
			SetupLoadedEditorAssemblies (223ms)
				LogAssemblyErrors (0ms)
				InitializePlatformSupportModulesInManaged (7ms)
				SetLoadedEditorAssemblies (0ms)
				RefreshPlugins (70ms)
				BeforeProcessingInitializeOnLoad (1ms)
				ProcessInitializeOnLoadAttributes (105ms)
				ProcessInitializeOnLoadMethodAttributes (40ms)
				AfterProcessingInitializeOnLoad (0ms)
				EditorAssembliesLoaded (0ms)
			ExecutionOrderSort2 (0ms)
			AwakeInstancesAfterBackupRestoration (0ms)
Platform modules already initialized, skipping
Registering precompiled user dll's ...
Registered in 0.008578 seconds.
Begin MonoManager ReloadAssembly
Symbol file LoadedFromMemory doesn't match image C:\Users\Administrator\My project (3)\Library\PackageCache\com.unity.visualscripting@1.8.0\Editor\VisualScripting.Core\Dependencies\YamlDotNet\Unity.VisualScripting.YamlDotNet.dll
Symbol file LoadedFromMemory doesn't match image C:\Users\Administrator\My project (3)\Library\PackageCache\com.unity.visualscripting@1.8.0\Editor\VisualScripting.Core\Dependencies\DotNetZip\Unity.VisualScripting.IonicZip.dll
Native extension for WindowsStandalone target not found
Refreshing native plugins compatible for Editor in 0.47 ms, found 3 plugins.
Preloading 0 native plugins for Editor in 0.00 ms.
Mono: successfully reloaded assembly
- Completed reload, in  1.062 seconds
Domain Reload Profiling:
	ReloadAssembly (1063ms)
		BeginReloadAssembly (114ms)
			ExecutionOrderSort (0ms)
			DisableScriptedObjects (5ms)
			BackupInstance (0ms)
			ReleaseScriptingObjects (0ms)
			CreateAndSetChildDomain (16ms)
		EndReloadAssembly (847ms)
			LoadAssemblies (83ms)
			RebuildTransferFunctionScriptingTraits (0ms)
			SetupTypeCache (240ms)
			ReleaseScriptCaches (1ms)
			RebuildScriptCaches (44ms)
			SetupLoadedEditorAssemblies (454ms)
				LogAssemblyErrors (0ms)
				InitializePlatformSupportModulesInManaged (5ms)
				SetLoadedEditorAssemblies (0ms)
				RefreshPlugins (1ms)
				BeforeProcessingInitializeOnLoad (80ms)
				ProcessInitializeOnLoadAttributes (340ms)
				ProcessInitializeOnLoadMethodAttributes (16ms)
				AfterProcessingInitializeOnLoad (11ms)
				EditorAssembliesLoaded (0ms)
			ExecutionOrderSort2 (0ms)
			AwakeInstancesAfterBackupRestoration (7ms)
Platform modules already initialized, skipping
========================================================================
Worker process is ready to serve import requests
Launched and connected shader compiler UnityShaderCompiler.exe after 0.03 seconds
Refreshing native plugins compatible for Editor in 0.48 ms, found 3 plugins.
Preloading 0 native plugins for Editor in 0.00 ms.
Unloading 3048 Unused Serialized files (Serialized files now loaded: 0)
Unloading 24 unused Assets / (113.6 KB). Loaded Objects now: 3509.
Memory consumption went from 108.2 MB to 108.0 MB.
Total: 2.741800 ms (FindLiveObjects: 0.246400 ms CreateObjectMapping: 0.195800 ms MarkObjects: 2.209100 ms  DeleteObjects: 0.090100 ms)

AssetImportParameters requested are different than current active one (requested -> active):
  custom:video-decoder-ogg-theora: a1e56fd34408186e4bbccfd4996cb3dc -> 
  custom:container-muxer-webm: aa71ff27fc2769a1b78a27578f13a17b -> 
  custom:container-demuxer-webm: 4f35f7cbe854078d1ac9338744f61a02 -> 
  custom:video-encoder-webm-vp8: eb34c28f22e8b96e1ab97ce403110664 -> 
  custom:audio-encoder-webm-vorbis: bf7c407c2cedff20999df2af8eb42d56 -> 
  custom:framework-win-MediaFoundation: 216162199b28c13a410421893ffa2e32 -> 
  custom:container-demuxer-ogg: 62fdf1f143b41e24485cea50d1cbac27 -> 
  custom:video-decoder-webm-vp8: 9c59270c3fd7afecdb556c50c9e8de78 -> 
  custom:audio-decoder-ogg-vorbis: bf7c407c2cedff20999df2af8eb42d56 -> 
========================================================================
Received Import Request.
  Time since last request: 129226.953291 seconds.
  path: Assets/Samurai Remastered/Animations/samurai@attack10.fbx
  artifactKey: Guid(3c9a8373311075d43a8ccc9601e3cad3) Importer(815301076,1909f56bfc062723c751e8b465ee728b)
Start importing Assets/Samurai Remastered/Animations/samurai@attack10.fbx using Guid(3c9a8373311075d43a8ccc9601e3cad3) Importer(815301076,1909f56bfc062723c751e8b465ee728b)  -> (artifact id: '72f0c0a7d0d53cd943ed79996112a1dc') in 0.676979 seconds 
========================================================================
Received Import Request.
  Time since last request: 0.000023 seconds.
  path: Assets/Samurai Remastered/Animations/samurai@strafelright1(one hand weapon).fbx
  artifactKey: Guid(0adef19770805354685f1c4175a350a6) Importer(815301076,1909f56bfc062723c751e8b465ee728b)
Start importing Assets/Samurai Remastered/Animations/samurai@strafelright1(one hand weapon).fbx using Guid(0adef19770805354685f1c4175a350a6) Importer(815301076,1909f56bfc062723c751e8b465ee728b)  -> (artifact id: '89d75e4361b73daa10cded9cc5dc34d4') in 0.177374 seconds 
========================================================================
Received Import Request.
  Time since last request: 0.000036 seconds.
  path: Assets/Samurai Remastered/Animations/samurai@maegirikick.fbx
  artifactKey: Guid(50162b20ce621df4fab98e5afa13793e) Importer(815301076,1909f56bfc062723c751e8b465ee728b)
Start importing Assets/Samurai Remastered/Animations/samurai@maegirikick.fbx using Guid(50162b20ce621df4fab98e5afa13793e) Importer(815301076,1909f56bfc062723c751e8b465ee728b)  -> (artifact id: '100a7da6a338f15860ebb682f3828cd9') in 0.201653 seconds 
========================================================================
Received Import Request.
  Time since last request: 0.000023 seconds.
  path: Assets/Samurai Remastered/Animations/samurai@idle1(one hand weapon).fbx
  artifactKey: Guid(66c1a724d911d774eb59020438a86b1b) Importer(815301076,1909f56bfc062723c751e8b465ee728b)
Start importing Assets/Samurai Remastered/Animations/samurai@idle1(one hand weapon).fbx using Guid(66c1a724d911d774eb59020438a86b1b) Importer(815301076,1909f56bfc062723c751e8b465ee728b)  -> (artifact id: 'f59263d8463310c742ab78449940b72c') in 0.183930 seconds 
========================================================================
Received Import Request.
  Time since last request: 0.000025 seconds.
  path: Assets/Samurai Remastered/Animations/samurai@runback(one hand weapons).fbx
  artifactKey: Guid(52721b94edc8516459ad27d59dc859d3) Importer(815301076,1909f56bfc062723c751e8b465ee728b)
Start importing Assets/Samurai Remastered/Animations/samurai@runback(one hand weapons).fbx using Guid(52721b94edc8516459ad27d59dc859d3) Importer(815301076,1909f56bfc062723c751e8b465ee728b)  -> (artifact id: '6791a02438eeb02a19a00b1927e243d4') in 0.013475 seconds 
========================================================================
Received Import Request.
  Time since last request: 0.000033 seconds.
  path: Assets/Samurai Remastered/Animations/samurai@attack12.fbx
  artifactKey: Guid(49b1e9c7be6f5134e9f013a1055695f8) Importer(815301076,1909f56bfc062723c751e8b465ee728b)
Start importing Assets/Samurai Remastered/Animations/samurai@attack12.fbx using Guid(49b1e9c7be6f5134e9f013a1055695f8) Importer(815301076,1909f56bfc062723c751e8b465ee728b)  -> (artifact id: 'f7d547af29b88aae4f54308dcd31864e') in 0.248522 seconds 
========================================================================
Received Import Request.
  Time since last request: 0.000030 seconds.
  path: Assets/Samurai Remastered/Animations/samurai@battleidle(great sword).fbx
  artifactKey: Guid(b69aed1159e061843ac6286bcc197218) Importer(815301076,1909f56bfc062723c751e8b465ee728b)
Start importing Assets/Samurai Remastered/Animations/samurai@battleidle(great sword).fbx using Guid(b69aed1159e061843ac6286bcc197218) Importer(815301076,1909f56bfc062723c751e8b465ee728b)  -> (artifact id: '4f3bf1548c3ac579cfbfb6b140624aae') in 0.224495 seconds 
========================================================================
Received Import Request.
  Time since last request: 0.000052 seconds.
  path: Assets/Samurai Remastered/Animations/samurai@walk1(two hand weapon).fbx
  artifactKey: Guid(fbf11b3dc6e2b2d44b9b87c0b6585681) Importer(815301076,1909f56bfc062723c751e8b465ee728b)
Start importing Assets/Samurai Remastered/Animations/samurai@walk1(two hand weapon).fbx using Guid(fbf11b3dc6e2b2d44b9b87c0b6585681) Importer(815301076,1909f56bfc062723c751e8b465ee728b)  -> (artifact id: '57ac8a8a447fe661d3de58fcbbd49814') in 0.191208 seconds 
========================================================================
Received Import Request.
  Time since last request: 0.000024 seconds.
  path: Assets/Samurai Remastered/Animations/samurai@idle3.fbx
  artifactKey: Guid(3fee3eb2432fcaa468b9ab9b92c7da69) Importer(815301076,1909f56bfc062723c751e8b465ee728b)
Start importing Assets/Samurai Remastered/Animations/samurai@idle3.fbx using Guid(3fee3eb2432fcaa468b9ab9b92c7da69) Importer(815301076,1909f56bfc062723c751e8b465ee728b)  -> (artifact id: '75527b730e8f720efeef51ac804c2e9f') in 0.215223 seconds 
========================================================================
Received Import Request.
  Time since last request: 0.000027 seconds.
  path: Assets/Samurai Remastered/Animations/samurai@death1.fbx
  artifactKey: Guid(26c84a8a6c589b84990ea3951fe5eb37) Importer(815301076,1909f56bfc062723c751e8b465ee728b)
Start importing Assets/Samurai Remastered/Animations/samurai@death1.fbx using Guid(26c84a8a6c589b84990ea3951fe5eb37) Importer(815301076,1909f56bfc062723c751e8b465ee728b)  -> (artifact id: 'd85d4b83dcd90ac8427ebb7e19e02378') in 0.199326 seconds 
========================================================================
Received Import Request.
  Time since last request: 0.000033 seconds.
  path: Assets/Samurai Remastered/Animations/samurai@idle1.fbx
  artifactKey: Guid(e40352ab80998884b8a6b54014189229) Importer(815301076,1909f56bfc062723c751e8b465ee728b)
Start importing Assets/Samurai Remastered/Animations/samurai@idle1.fbx using Guid(e40352ab80998884b8a6b54014189229) Importer(815301076,1909f56bfc062723c751e8b465ee728b)  -> (artifact id: '2197e566e0d48cfae18e57b25ae087f3') in 0.197286 seconds 
========================================================================
Received Import Request.
  Time since last request: 0.000032 seconds.
  path: Assets/Samurai Remastered/Animations/samurai@attack5.fbx
  artifactKey: Guid(f4b610219b19faa47ba9bf341bd11969) Importer(815301076,1909f56bfc062723c751e8b465ee728b)
Start importing Assets/Samurai Remastered/Animations/samurai@attack5.fbx using Guid(f4b610219b19faa47ba9bf341bd11969) Importer(815301076,1909f56bfc062723c751e8b465ee728b)  -> (artifact id: '8af6aac198884da247f3a2b9aa3032bb') in 0.185450 seconds 
========================================================================
Received Import Request.
  Time since last request: 0.000033 seconds.
  path: Assets/Samurai Remastered/Animations/samurai@attack7.fbx
  artifactKey: Guid(7e2ec7253f90c3240bbce39311ccecb6) Importer(815301076,1909f56bfc062723c751e8b465ee728b)
Start importing Assets/Samurai Remastered/Animations/samurai@attack7.fbx using Guid(7e2ec7253f90c3240bbce39311ccecb6) Importer(815301076,1909f56bfc062723c751e8b465ee728b)  -> (artifact id: '8ee4c9d75b2fff9815b3be88a37e6701') in 0.193678 seconds 
========================================================================
Received Import Request.
  Time since last request: 0.000024 seconds.
  path: Assets/Samurai Remastered/Animations/samurai@idle3(two swords).fbx
  artifactKey: Guid(503a5b78671f6a64f8b7219700135c66) Importer(815301076,1909f56bfc062723c751e8b465ee728b)
Start importing Assets/Samurai Remastered/Animations/samurai@idle3(two swords).fbx using Guid(503a5b78671f6a64f8b7219700135c66) Importer(815301076,1909f56bfc062723c751e8b465ee728b)  -> (artifact id: '3ae087bf4d53395a2e92eadb22e3d526') in 0.180915 seconds 
========================================================================
Received Import Request.
  Time since last request: 0.000028 seconds.
  path: Assets/Samurai Remastered/Animations/samurai@getthekatana2.fbx
  artifactKey: Guid(915a92d0f72ad0545b9fe4e45eed3809) Importer(815301076,1909f56bfc062723c751e8b465ee728b)
Start importing Assets/Samurai Remastered/Animations/samurai@getthekatana2.fbx using Guid(915a92d0f72ad0545b9fe4e45eed3809) Importer(815301076,1909f56bfc062723c751e8b465ee728b)  -> (artifact id: '04e8bf17b25084f81b219dc777f6a515') in 0.204209 seconds 
========================================================================
Received Import Request.
  Time since last request: 0.000033 seconds.
  path: Assets/Samurai Remastered/Animations/samurai@strafeleft(one hand weapon).fbx
  artifactKey: Guid(ef6abc2cb9d9f6345947df96c35b6a05) Importer(815301076,1909f56bfc062723c751e8b465ee728b)
Start importing Assets/Samurai Remastered/Animations/samurai@strafeleft(one hand weapon).fbx using Guid(ef6abc2cb9d9f6345947df96c35b6a05) Importer(815301076,1909f56bfc062723c751e8b465ee728b)  -> (artifact id: '70f3fefe1726135de692df221c039d6a') in 0.013371 seconds 
========================================================================
Received Import Request.
  Time since last request: 0.000030 seconds.
  path: Assets/Samurai Remastered/Animations/samurai@runback.fbx
  artifactKey: Guid(23ae28d955a11574e803d94a3307604a) Importer(815301076,1909f56bfc062723c751e8b465ee728b)
Start importing Assets/Samurai Remastered/Animations/samurai@runback.fbx using Guid(23ae28d955a11574e803d94a3307604a) Importer(815301076,1909f56bfc062723c751e8b465ee728b)  -> (artifact id: 'feef3d54851c709d7efb0285199a061e') in 0.181268 seconds 
========================================================================
Received Import Request.
  Time since last request: 0.000030 seconds.
  path: Assets/Samurai Remastered/Animations/samurai@attack11.fbx
  artifactKey: Guid(4ae54f8d54f46b04cac1c15e2801c610) Importer(815301076,1909f56bfc062723c751e8b465ee728b)
Start importing Assets/Samurai Remastered/Animations/samurai@attack11.fbx using Guid(4ae54f8d54f46b04cac1c15e2801c610) Importer(815301076,1909f56bfc062723c751e8b465ee728b)  -> (artifact id: '448ad09b0d890b9d5c30cc3ad6993a6a') in 0.179660 seconds 
========================================================================
Received Prepare
Registering precompiled user dll's ...
Registered in 0.009700 seconds.
Begin MonoManager ReloadAssembly
Symbol file LoadedFromMemory doesn't match image C:\Users\Administrator\My project (3)\Library\PackageCache\com.unity.visualscripting@1.8.0\Editor\VisualScripting.Core\Dependencies\YamlDotNet\Unity.VisualScripting.YamlDotNet.dll
Symbol file LoadedFromMemory doesn't match image C:\Users\Administrator\My project (3)\Library\PackageCache\com.unity.visualscripting@1.8.0\Editor\VisualScripting.Core\Dependencies\DotNetZip\Unity.VisualScripting.IonicZip.dll
Native extension for WindowsStandalone target not found
Refreshing native plugins compatible for Editor in 0.67 ms, found 3 plugins.
Preloading 0 native plugins for Editor in 0.00 ms.
Mono: successfully reloaded assembly
- Completed reload, in  1.083 seconds
Domain Reload Profiling:
	ReloadAssembly (1084ms)
		BeginReloadAssembly (132ms)
			ExecutionOrderSort (0ms)
			DisableScriptedObjects (4ms)
			BackupInstance (0ms)
			ReleaseScriptingObjects (0ms)
			CreateAndSetChildDomain (31ms)
		EndReloadAssembly (856ms)
			LoadAssemblies (83ms)
			RebuildTransferFunctionScriptingTraits (0ms)
			SetupTypeCache (259ms)
			ReleaseScriptCaches (1ms)
			RebuildScriptCaches (39ms)
			SetupLoadedEditorAssemblies (436ms)
				LogAssemblyErrors (0ms)
				InitializePlatformSupportModulesInManaged (5ms)
				SetLoadedEditorAssemblies (1ms)
				RefreshPlugins (1ms)
				BeforeProcessingInitializeOnLoad (66ms)
				ProcessInitializeOnLoadAttributes (333ms)
				ProcessInitializeOnLoadMethodAttributes (19ms)
				AfterProcessingInitializeOnLoad (12ms)
				EditorAssembliesLoaded (0ms)
			ExecutionOrderSort2 (0ms)
			AwakeInstancesAfterBackupRestoration (5ms)
Platform modules already initialized, skipping
Refreshing native plugins compatible for Editor in 2.34 ms, found 3 plugins.
Preloading 0 native plugins for Editor in 0.00 ms.
Unloading 3042 Unused Serialized files (Serialized files now loaded: 0)
Unloading 17 unused Assets / (80.1 KB). Loaded Objects now: 3557.
Memory consumption went from 128.0 MB to 128.0 MB.
Total: 3.896300 ms (FindLiveObjects: 0.343200 ms CreateObjectMapping: 0.309500 ms MarkObjects: 3.136400 ms  DeleteObjects: 0.105800 ms)

AssetImportParameters requested are different than current active one (requested -> active):
  custom:video-decoder-ogg-theora: a1e56fd34408186e4bbccfd4996cb3dc -> 
  custom:container-muxer-webm: aa71ff27fc2769a1b78a27578f13a17b -> 
  custom:container-demuxer-webm: 4f35f7cbe854078d1ac9338744f61a02 -> 
  custom:video-encoder-webm-vp8: eb34c28f22e8b96e1ab97ce403110664 -> 
  custom:audio-encoder-webm-vorbis: bf7c407c2cedff20999df2af8eb42d56 -> 
  custom:framework-win-MediaFoundation: 216162199b28c13a410421893ffa2e32 -> 
  custom:container-demuxer-ogg: 62fdf1f143b41e24485cea50d1cbac27 -> 
  custom:video-decoder-webm-vp8: 9c59270c3fd7afecdb556c50c9e8de78 -> 
  custom:audio-decoder-ogg-vorbis: bf7c407c2cedff20999df2af8eb42d56 -> 
Editor requested this worker to shutdown with reason: Scaling down because of idle timeout
AssetImportWorker is now disconnected from the server
Process exiting
Exiting without the bug reporter. Application will terminate with return code 0